[10-May-2018 22:23:48 America/Los_Angeles] PHP Warning:  PHP Startup: Unable to load dynamic library './mysqlnd.so' - ./mysqlnd.so: cannot open shared object file: No such file or directory in Unknown on line 0
[10-May-2018 22:23:48 America/Los_Angeles] PHP Warning:  PHP Startup: Unable to load dynamic library './pdo.so' - ./pdo.so: cannot open shared object file: No such file or directory in Unknown on line 0
[10-May-2018 22:23:48 America/Los_Angeles] PHP Warning:  PHP Startup: Unable to load dynamic library './calendar.so' - ./calendar.so: cannot open shared object file: No such file or directory in Unknown on line 0
[10-May-2018 22:23:48 America/Los_Angeles] PHP Warning:  PHP Startup: Unable to load dynamic library './ctype.so' - ./ctype.so: cannot open shared object file: No such file or directory in Unknown on line 0
[10-May-2018 22:23:48 America/Los_Angeles] PHP Warning:  PHP Startup: Unable to load dynamic library './exif.so' - ./exif.so: cannot open shared object file: No such file or directory in Unknown on line 0
[10-May-2018 22:23:48 America/Los_Angeles] PHP Warning:  PHP Startup: Unable to load dynamic library './fileinfo.so' - ./fileinfo.so: cannot open shared object file: No such file or directory in Unknown on line 0
[10-May-2018 22:23:48 America/Los_Angeles] PHP Warning:  PHP Startup: Unable to load dynamic library './ftp.so' - ./ftp.so: cannot open shared object file: No such file or directory in Unknown on line 0
[10-May-2018 22:23:48 America/Los_Angeles] PHP Warning:  PHP Startup: Unable to load dynamic library './gettext.so' - ./gettext.so: cannot open shared object file: No such file or directory in Unknown on line 0
[10-May-2018 22:23:48 America/Los_Angeles] PHP Warning:  PHP Startup: Unable to load dynamic library './iconv.so' - ./iconv.so: cannot open shared object file: No such file or directory in Unknown on line 0
[10-May-2018 22:23:48 America/Los_Angeles] PHP Warning:  PHP Startup: Unable to load dynamic library './json.so' - ./json.so: cannot open shared object file: No such file or directory in Unknown on line 0
[10-May-2018 22:23:48 America/Los_Angeles] PHP Warning:  PHP Startup: Unable to load dynamic library './mcrypt.so' - ./mcrypt.so: cannot open shared object file: No such file or directory in Unknown on line 0
[10-May-2018 22:23:48 America/Los_Angeles] PHP Warning:  PHP Startup: Unable to load dynamic library './mysqli.so' - ./mysqli.so: cannot open shared object file: No such file or directory in Unknown on line 0
[10-May-2018 22:23:48 America/Los_Angeles] PHP Warning:  PHP Startup: Unable to load dynamic library './pdo_mysql.so' - ./pdo_mysql.so: cannot open shared object file: No such file or directory in Unknown on line 0
[10-May-2018 22:23:48 America/Los_Angeles] PHP Warning:  PHP Startup: Unable to load dynamic library './phar.so' - ./phar.so: cannot open shared object file: No such file or directory in Unknown on line 0
[10-May-2018 22:23:48 America/Los_Angeles] PHP Warning:  PHP Startup: Unable to load dynamic library './posix.so' - ./posix.so: cannot open shared object file: No such file or directory in Unknown on line 0
[10-May-2018 22:23:48 America/Los_Angeles] PHP Warning:  PHP Startup: Unable to load dynamic library './readline.so' - ./readline.so: cannot open shared object file: No such file or directory in Unknown on line 0
[10-May-2018 22:23:48 America/Los_Angeles] PHP Warning:  PHP Startup: Unable to load dynamic library './shmop.so' - ./shmop.so: cannot open shared object file: No such file or directory in Unknown on line 0
[10-May-2018 22:23:48 America/Los_Angeles] PHP Warning:  PHP Startup: Unable to load dynamic library './sockets.so' - ./sockets.so: cannot open shared object file: No such file or directory in Unknown on line 0
[10-May-2018 22:23:48 America/Los_Angeles] PHP Warning:  PHP Startup: Unable to load dynamic library './sysvmsg.so' - ./sysvmsg.so: cannot open shared object file: No such file or directory in Unknown on line 0
[10-May-2018 22:23:48 America/Los_Angeles] PHP Warning:  PHP Startup: Unable to load dynamic library './sysvsem.so' - ./sysvsem.so: cannot open shared object file: No such file or directory in Unknown on line 0
[10-May-2018 22:23:48 America/Los_Angeles] PHP Warning:  PHP Startup: Unable to load dynamic library './sysvshm.so' - ./sysvshm.so: cannot open shared object file: No such file or directory in Unknown on line 0
[10-May-2018 22:23:48 America/Los_Angeles] PHP Warning:  PHP Startup: Unable to load dynamic library './tokenizer.so' - ./tokenizer.so: cannot open shared object file: No such file or directory in Unknown on line 0
[10-May-2018 22:36:17 America/Los_Angeles] PHP Notice:  Undefined variable: response in /var/www/html/test.php on line 43
[10-May-2018 22:36:57 America/Los_Angeles] PHP Notice:  Undefined variable: response in /var/www/html/test.php on line 43
[10-May-2018 22:42:41 America/Los_Angeles] PHP Notice:  Undefined variable: response in /var/www/html/test.php on line 43
[10-May-2018 23:11:51 America/Los_Angeles] PHP Notice:  Undefined variable: accesToken in /var/www/html/test.php on line 30
[10-May-2018 23:11:51 America/Los_Angeles] PHP Notice:  Undefined variable: response in /var/www/html/test.php on line 45
